This is pdfTeX, Version 3.14159265-2.6-1.40.16 (TeX Live 2015) (preloaded format=pdflatex 2015.5.24)  28 AUG 2016 19:04
entering extended mode
 restricted \write18 enabled.
 %&-line parsing enabled.
**"/Users/jonaprieto/Dropbox/TG-Michi - Ingles/TG-Michi - Ingles/principall.tex
"
(/Users/jonaprieto/Dropbox/TG-Michi - Ingles/TG-Michi - Ingles/principall.tex
LaTeX2e <2015/01/01>
Babel <3.9l> and hyphenation patterns for 79 languages loaded.
(/usr/local/texlive/2015/texmf-dist/tex/latex/base/book.cls
Document Class: book 2014/09/29 v1.4h Standard LaTeX document class
(/usr/local/texlive/2015/texmf-dist/tex/latex/base/bk12.clo
File: bk12.clo 2014/09/29 v1.4h Standard LaTeX file (size option)
)
\c@part=\count79
\c@chapter=\count80
\c@section=\count81
\c@subsection=\count82
\c@subsubsection=\count83
\c@paragraph=\count84
\c@subparagraph=\count85
\c@figure=\count86
\c@table=\count87
\abovecaptionskip=\skip41
\belowcaptionskip=\skip42
\bibindent=\dimen102
) (./preambulo.tex (/usr/local/texlive/2015/texmf-dist/tex/latex/psnfss/mathptm
x.sty
Package: mathptmx 2005/04/12 PSNFSS-v9.2a Times w/ Math, improved (SPQR, WaS) 
LaTeX Font Info:    Redeclaring symbol font `operators' on input line 28.
LaTeX Font Info:    Overwriting symbol font `operators' in version `normal'
(Font)                  OT1/cmr/m/n --> OT1/ztmcm/m/n on input line 28.
LaTeX Font Info:    Overwriting symbol font `operators' in version `bold'
(Font)                  OT1/cmr/bx/n --> OT1/ztmcm/m/n on input line 28.
LaTeX Font Info:    Redeclaring symbol font `letters' on input line 29.
LaTeX Font Info:    Overwriting symbol font `letters' in version `normal'
(Font)                  OML/cmm/m/it --> OML/ztmcm/m/it on input line 29.
LaTeX Font Info:    Overwriting symbol font `letters' in version `bold'
(Font)                  OML/cmm/b/it --> OML/ztmcm/m/it on input line 29.
LaTeX Font Info:    Redeclaring symbol font `symbols' on input line 30.
LaTeX Font Info:    Overwriting symbol font `symbols' in version `normal'
(Font)                  OMS/cmsy/m/n --> OMS/ztmcm/m/n on input line 30.
LaTeX Font Info:    Overwriting symbol font `symbols' in version `bold'
(Font)                  OMS/cmsy/b/n --> OMS/ztmcm/m/n on input line 30.
LaTeX Font Info:    Redeclaring symbol font `largesymbols' on input line 31.
LaTeX Font Info:    Overwriting symbol font `largesymbols' in version `normal'
(Font)                  OMX/cmex/m/n --> OMX/ztmcm/m/n on input line 31.
LaTeX Font Info:    Overwriting symbol font `largesymbols' in version `bold'
(Font)                  OMX/cmex/m/n --> OMX/ztmcm/m/n on input line 31.
\symbold=\mathgroup4
\symitalic=\mathgroup5
LaTeX Font Info:    Redeclaring math alphabet \mathbf on input line 34.
LaTeX Font Info:    Overwriting math alphabet `\mathbf' in version `normal'
(Font)                  OT1/cmr/bx/n --> OT1/ptm/bx/n on input line 34.
LaTeX Font Info:    Overwriting math alphabet `\mathbf' in version `bold'
(Font)                  OT1/cmr/bx/n --> OT1/ptm/bx/n on input line 34.
LaTeX Font Info:    Redeclaring math alphabet \mathit on input line 35.
LaTeX Font Info:    Overwriting math alphabet `\mathit' in version `normal'
(Font)                  OT1/cmr/m/it --> OT1/ptm/m/it on input line 35.
LaTeX Font Info:    Overwriting math alphabet `\mathit' in version `bold'
(Font)                  OT1/cmr/bx/it --> OT1/ptm/m/it on input line 35.
LaTeX Info: Redefining \hbar on input line 50.
) (/usr/local/texlive/2015/texmf-dist/tex/generic/babel/babel.sty
Package: babel 2014/09/25 3.9l The Babel package
(/usr/local/texlive/2015/texmf-dist/tex/generic/babel-english/english.ldf
Language: english 2012/08/20 v3.3p English support from the babel system
(/usr/local/texlive/2015/texmf-dist/tex/generic/babel/babel.def
File: babel.def 2014/09/25 3.9l Babel common definitions
\babel@savecnt=\count88
\U@D=\dimen103
)
\l@canadian = a dialect from \language\l@american 
\l@australian = a dialect from \language\l@british 
\l@newzealand = a dialect from \language\l@british 
)) (/usr/local/texlive/2015/texmf-dist/tex/latex/base/inputenc.sty
Package: inputenc 2015/03/17 v1.2c Input encoding file
\inpenc@prehook=\toks14
\inpenc@posthook=\toks15
(/usr/local/texlive/2015/texmf-dist/tex/latex/ucs/utf8x.def
File: utf8x.def 2004/10/17 UCS: Input encoding UTF-8
)) (/usr/local/texlive/2015/texmf-dist/tex/latex/ucs/ucs.sty
Package: ucs 2013/05/11 v2.2 UCS: Unicode input support
(/usr/local/texlive/2015/texmf-dist/tex/latex/ucs/data/uni-global.def
File: uni-global.def 2013/05/13 UCS: Unicode global data
)
\uc@secondtry=\count89
\uc@combtoks=\toks16
\uc@combtoksb=\toks17
\uc@temptokena=\toks18
) (/usr/local/texlive/2015/texmf-dist/tex/latex/tools/enumerate.sty
Package: enumerate 2014/10/28 v3.00 enumerate extensions (DPC)
\@enLab=\toks19
) (/usr/local/texlive/2015/texmf-dist/tex/latex/multirow/multirow.sty
\bigstrutjot=\dimen104
) (/usr/local/texlive/2015/texmf-dist/tex/latex/graphics/graphicx.sty
Package: graphicx 2014/10/28 v1.0g Enhanced LaTeX Graphics (DPC,SPQR)
(/usr/local/texlive/2015/texmf-dist/tex/latex/graphics/keyval.sty
Package: keyval 2014/10/28 v1.15 key=value parser (DPC)
\KV@toks@=\toks20
) (/usr/local/texlive/2015/texmf-dist/tex/latex/graphics/graphics.sty
Package: graphics 2014/10/28 v1.0p Standard LaTeX Graphics (DPC,SPQR)
(/usr/local/texlive/2015/texmf-dist/tex/latex/graphics/trig.sty
Package: trig 1999/03/16 v1.09 sin cos tan (DPC)
) (/usr/local/texlive/2015/texmf-dist/tex/latex/latexconfig/graphics.cfg
File: graphics.cfg 2010/04/23 v1.9 graphics configuration of TeX Live
)
Package graphics Info: Driver file: pdftex.def on input line 94.
(/usr/local/texlive/2015/texmf-dist/tex/latex/pdftex-def/pdftex.def
File: pdftex.def 2011/05/27 v0.06d Graphics/color for pdfTeX
(/usr/local/texlive/2015/texmf-dist/tex/generic/oberdiek/infwarerr.sty
Package: infwarerr 2010/04/08 v1.3 Providing info/warning/error messages (HO)
) (/usr/local/texlive/2015/texmf-dist/tex/generic/oberdiek/ltxcmds.sty
Package: ltxcmds 2011/11/09 v1.22 LaTeX kernel commands for general use (HO)
)
\Gread@gobject=\count90
))
\Gin@req@height=\dimen105
\Gin@req@width=\dimen106
) (/usr/local/texlive/2015/texmf-dist/tex/latex/amsmath/amsmath.sty
Package: amsmath 2013/01/14 v2.14 AMS math features
\@mathmargin=\skip43
For additional information on amsmath, use the `?' option.
(/usr/local/texlive/2015/texmf-dist/tex/latex/amsmath/amstext.sty
Package: amstext 2000/06/29 v2.01
(/usr/local/texlive/2015/texmf-dist/tex/latex/amsmath/amsgen.sty
File: amsgen.sty 1999/11/30 v2.0
\@emptytoks=\toks21
\ex@=\dimen107
)) (/usr/local/texlive/2015/texmf-dist/tex/latex/amsmath/amsbsy.sty
Package: amsbsy 1999/11/29 v1.2d
\pmbraise@=\dimen108
) (/usr/local/texlive/2015/texmf-dist/tex/latex/amsmath/amsopn.sty
Package: amsopn 1999/12/14 v2.01 operator names
)
\inf@bad=\count91
LaTeX Info: Redefining \frac on input line 210.
\uproot@=\count92
\leftroot@=\count93
LaTeX Info: Redefining \overline on input line 306.
\classnum@=\count94
\DOTSCASE@=\count95
LaTeX Info: Redefining \ldots on input line 378.
LaTeX Info: Redefining \dots on input line 381.
LaTeX Info: Redefining \cdots on input line 466.
\Mathstrutbox@=\box26
\strutbox@=\box27
\big@size=\dimen109
LaTeX Font Info:    Redeclaring font encoding OML on input line 566.
LaTeX Font Info:    Redeclaring font encoding OMS on input line 567.
\macc@depth=\count96
\c@MaxMatrixCols=\count97
\dotsspace@=\muskip10
\c@parentequation=\count98
\dspbrk@lvl=\count99
\tag@help=\toks22
\row@=\count100
\column@=\count101
\maxfields@=\count102
\andhelp@=\toks23
\eqnshift@=\dimen110
\alignsep@=\dimen111
\tagshift@=\dimen112
\tagwidth@=\dimen113
\totwidth@=\dimen114
\lineht@=\dimen115
\@envbody=\toks24
\multlinegap=\skip44
\multlinetaggap=\skip45
\mathdisplay@stack=\toks25
LaTeX Info: Redefining \[ on input line 2665.
LaTeX Info: Redefining \] on input line 2666.
) (/usr/local/texlive/2015/texmf-dist/tex/latex/amscls/amsthm.sty
Package: amsthm 2015/03/04 v2.20.2
\thm@style=\toks26
\thm@bodyfont=\toks27
\thm@headfont=\toks28
\thm@notefont=\toks29
\thm@headpunct=\toks30
\thm@preskip=\skip46
\thm@postskip=\skip47
\thm@headsep=\skip48
\dth@everypar=\toks31
) (/usr/local/texlive/2015/texmf-dist/tex/latex/enumitem/enumitem.sty
Package: enumitem 2011/09/28 v3.5.2 Customized lists
\labelindent=\skip49
\enit@outerparindent=\dimen116
\enit@toks=\toks32
\enit@inbox=\box28
\enitdp@description=\count103
) (/usr/local/texlive/2015/texmf-dist/tex/latex/epigraph/epigraph.sty
Package: epigraph 2009/09/02 v1.5c typesetting epigraphs
\beforeepigraphskip=\skip50
\afterepigraphskip=\skip51
\epigraphwidth=\skip52
\epigraphrule=\skip53
) (/usr/local/texlive/2015/texmf-dist/tex/latex/fancyhdr/fancyhdr.sty
\fancy@headwidth=\skip54
\f@ncyO@elh=\skip55
\f@ncyO@erh=\skip56
\f@ncyO@olh=\skip57
\f@ncyO@orh=\skip58
\f@ncyO@elf=\skip59
\f@ncyO@erf=\skip60
\f@ncyO@olf=\skip61
\f@ncyO@orf=\skip62
) (/usr/local/texlive/2015/texmf-dist/tex/latex/hyperref/hyperref.sty
Package: hyperref 2012/11/06 v6.83m Hypertext links for LaTeX
(/usr/local/texlive/2015/texmf-dist/tex/generic/oberdiek/hobsub-hyperref.sty
Package: hobsub-hyperref 2012/05/28 v1.13 Bundle oberdiek, subset hyperref (HO)

(/usr/local/texlive/2015/texmf-dist/tex/generic/oberdiek/hobsub-generic.sty
Package: hobsub-generic 2012/05/28 v1.13 Bundle oberdiek, subset generic (HO)
Package: hobsub 2012/05/28 v1.13 Construct package bundles (HO)
Package hobsub Info: Skipping package `infwarerr' (already loaded).
Package hobsub Info: Skipping package `ltxcmds' (already loaded).
Package: ifluatex 2010/03/01 v1.3 Provides the ifluatex switch (HO)
Package ifluatex Info: LuaTeX not detected.
Package: ifvtex 2010/03/01 v1.5 Detect VTeX and its facilities (HO)
Package ifvtex Info: VTeX not detected.
Package: intcalc 2007/09/27 v1.1 Expandable calculations with integers (HO)
Package: ifpdf 2011/01/30 v2.3 Provides the ifpdf switch (HO)
Package ifpdf Info: pdfTeX in PDF mode is detected.
Package: etexcmds 2011/02/16 v1.5 Avoid name clashes with e-TeX commands (HO)
Package etexcmds Info: Could not find \expanded.
(etexcmds)             That can mean that you are not using pdfTeX 1.50 or
(etexcmds)             that some package has redefined \expanded.
(etexcmds)             In the latter case, load this package earlier.
Package: kvsetkeys 2012/04/25 v1.16 Key value parser (HO)
Package: kvdefinekeys 2011/04/07 v1.3 Define keys (HO)
Package: pdftexcmds 2011/11/29 v0.20 Utility functions of pdfTeX for LuaTeX (HO
)
Package pdftexcmds Info: LuaTeX not detected.
Package pdftexcmds Info: \pdf@primitive is available.
Package pdftexcmds Info: \pdf@ifprimitive is available.
Package pdftexcmds Info: \pdfdraftmode found.
Package: pdfescape 2011/11/25 v1.13 Implements pdfTeX's escape features (HO)
Package: bigintcalc 2012/04/08 v1.3 Expandable calculations on big integers (HO
)
Package: bitset 2011/01/30 v1.1 Handle bit-vector datatype (HO)
Package: uniquecounter 2011/01/30 v1.2 Provide unlimited unique counter (HO)
)
Package hobsub Info: Skipping package `hobsub' (already loaded).
Package: letltxmacro 2010/09/02 v1.4 Let assignment for LaTeX macros (HO)
Package: hopatch 2012/05/28 v1.2 Wrapper for package hooks (HO)
Package: xcolor-patch 2011/01/30 xcolor patch
Package: atveryend 2011/06/30 v1.8 Hooks at the very end of document (HO)
Package atveryend Info: \enddocument detected (standard20110627).
Package: atbegshi 2011/10/05 v1.16 At begin shipout hook (HO)
Package: refcount 2011/10/16 v3.4 Data extraction from label references (HO)
Package: hycolor 2011/01/30 v1.7 Color options for hyperref/bookmark (HO)
) (/usr/local/texlive/2015/texmf-dist/tex/generic/ifxetex/ifxetex.sty
Package: ifxetex 2010/09/12 v0.6 Provides ifxetex conditional
) (/usr/local/texlive/2015/texmf-dist/tex/latex/oberdiek/auxhook.sty
Package: auxhook 2011/03/04 v1.3 Hooks for auxiliary files (HO)
) (/usr/local/texlive/2015/texmf-dist/tex/latex/oberdiek/kvoptions.sty
Package: kvoptions 2011/06/30 v3.11 Key value format for package options (HO)
)
\@linkdim=\dimen117
\Hy@linkcounter=\count104
\Hy@pagecounter=\count105
(/usr/local/texlive/2015/texmf-dist/tex/latex/hyperref/pd1enc.def
File: pd1enc.def 2012/11/06 v6.83m Hyperref: PDFDocEncoding definition (HO)
)
\Hy@SavedSpaceFactor=\count106
(/usr/local/texlive/2015/texmf-dist/tex/latex/latexconfig/hyperref.cfg
File: hyperref.cfg 2002/06/06 v1.2 hyperref configuration of TeXLive
)
Package hyperref Info: Hyper figures OFF on input line 4443.
Package hyperref Info: Link nesting OFF on input line 4448.
Package hyperref Info: Hyper index ON on input line 4451.
Package hyperref Info: Plain pages OFF on input line 4458.
Package hyperref Info: Backreferencing OFF on input line 4463.
Package hyperref Info: Implicit mode ON; LaTeX internals redefined.
Package hyperref Info: Bookmarks ON on input line 4688.
\c@Hy@tempcnt=\count107
(/usr/local/texlive/2015/texmf-dist/tex/latex/url/url.sty
\Urlmuskip=\muskip11
Package: url 2013/09/16  ver 3.4  Verb mode for urls, etc.
)
LaTeX Info: Redefining \url on input line 5041.
\XeTeXLinkMargin=\dimen118
\Fld@menulength=\count108
\Field@Width=\dimen119
\Fld@charsize=\dimen120
Package hyperref Info: Hyper figures OFF on input line 6295.
Package hyperref Info: Link nesting OFF on input line 6300.
Package hyperref Info: Hyper index ON on input line 6303.
Package hyperref Info: backreferencing OFF on input line 6310.
Package hyperref Info: Link coloring OFF on input line 6315.
Package hyperref Info: Link coloring with OCG OFF on input line 6320.
Package hyperref Info: PDF/A mode OFF on input line 6325.
LaTeX Info: Redefining \ref on input line 6365.
LaTeX Info: Redefining \pageref on input line 6369.
\Hy@abspage=\count109
\c@Item=\count110
\c@Hfootnote=\count111
)

Package hyperref Message: Driver (autodetected): hpdftex.

(/usr/local/texlive/2015/texmf-dist/tex/latex/hyperref/hpdftex.def
File: hpdftex.def 2012/11/06 v6.83m Hyperref driver for pdfTeX
\Fld@listcount=\count112
\c@bookmark@seq@number=\count113
(/usr/local/texlive/2015/texmf-dist/tex/latex/oberdiek/rerunfilecheck.sty
Package: rerunfilecheck 2011/04/15 v1.7 Rerun checks for auxiliary files (HO)
Package uniquecounter Info: New unique counter `rerunfilecheck' on input line 2
82.
)
\Hy@SectionHShift=\skip63
) (/usr/local/texlive/2015/texmf-dist/tex/latex/xcolor/xcolor.sty
Package: xcolor 2007/01/21 v2.11 LaTeX color extensions (UK)
(/usr/local/texlive/2015/texmf-dist/tex/latex/latexconfig/color.cfg
File: color.cfg 2007/01/18 v1.5 color configuration of teTeX/TeXLive
)
Package xcolor Info: Driver file: pdftex.def on input line 225.
Package xcolor Info: Model `cmy' substituted by `cmy0' on input line 1337.
Package xcolor Info: Model `hsb' substituted by `rgb' on input line 1341.
Package xcolor Info: Model `RGB' extended on input line 1353.
Package xcolor Info: Model `HTML' substituted by `rgb' on input line 1355.
Package xcolor Info: Model `Hsb' substituted by `hsb' on input line 1356.
Package xcolor Info: Model `tHsb' substituted by `hsb' on input line 1357.
Package xcolor Info: Model `HSB' substituted by `hsb' on input line 1358.
Package xcolor Info: Model `Gray' substituted by `gray' on input line 1359.
Package xcolor Info: Model `wave' substituted by `hsb' on input line 1360.
)
Package hyperref Info: Option `colorlinks' set `true' on input line 104.
Package hyperref Info: Option `linktocpage' set `true' on input line 105.
(/usr/local/texlive/2015/texmf-dist/tex/latex/setspace/setspace.sty
Package: setspace 2011/12/19 v6.7a set line spacing
) (/usr/local/texlive/2015/texmf-dist/tex/latex/float/float.sty
Package: float 2001/11/08 v1.3d Float enhancements (AL)
\c@float@type=\count114
\float@exts=\toks33
\float@box=\box29
\@float@everytoks=\toks34
\@floatcapt=\box30
) (/usr/local/texlive/2015/texmf-dist/tex/latex/etoolbox/etoolbox.sty
Package: etoolbox 2015/05/04 v2.2 e-TeX tools for LaTeX (JAW)
\etb@tempcnta=\count115
))
(/Users/jonaprieto/Dropbox/TG-Michi - Ingles/TG-Michi - Ingles/Output/principal
l.aux
(/Users/jonaprieto/Dropbox/TG-Michi - Ingles/TG-Michi - Ingles/Output/portada.a
ux)
(/Users/jonaprieto/Dropbox/TG-Michi - Ingles/TG-Michi - Ingles/Output/finportad
a.aux)
(/Users/jonaprieto/Dropbox/TG-Michi - Ingles/TG-Michi - Ingles/Output/titulo.au
x)
(/Users/jonaprieto/Dropbox/TG-Michi - Ingles/TG-Michi - Ingles/Output/dedicacio
n.aux)
(/Users/jonaprieto/Dropbox/TG-Michi - Ingles/TG-Michi - Ingles/Output/agradecim
ientos.aux)
(/Users/jonaprieto/Dropbox/TG-Michi - Ingles/TG-Michi - Ingles/Output/resumen.a
ux)
(/Users/jonaprieto/Dropbox/TG-Michi - Ingles/TG-Michi - Ingles/Output/introducc
ion.aux)
(/Users/jonaprieto/Dropbox/TG-Michi - Ingles/TG-Michi - Ingles/Output/prelimina
res.aux)
(/Users/jonaprieto/Dropbox/TG-Michi - Ingles/TG-Michi - Ingles/Output/teoria.au
x

LaTeX Warning: Label `fig:label' multiply defined.

)
(/Users/jonaprieto/Dropbox/TG-Michi - Ingles/TG-Michi - Ingles/Output/planteami
entoproblema.aux

LaTeX Warning: Label `fig:label' multiply defined.


LaTeX Warning: Label `fig:label' multiply defined.

)
(/Users/jonaprieto/Dropbox/TG-Michi - Ingles/TG-Michi - Ingles/Output/resultado
s.aux

LaTeX Warning: Label `fig:label' multiply defined.


LaTeX Warning: Label `fig:label' multiply defined.


LaTeX Warning: Label `fig:label' multiply defined.


LaTeX Warning: Label `fig:label' multiply defined.


LaTeX Warning: Label `fig:label' multiply defined.


LaTeX Warning: Label `fig:label' multiply defined.


LaTeX Warning: Label `fig:label' multiply defined.


LaTeX Warning: Label `fig:label' multiply defined.

)
(/Users/jonaprieto/Dropbox/TG-Michi - Ingles/TG-Michi - Ingles/Output/conclusio
nes.aux))
\openout1 = `principall.aux'.

LaTeX Font Info:    Checking defaults for OML/cmm/m/it on input line 5.
LaTeX Font Info:    ... okay on input line 5.
LaTeX Font Info:    Checking defaults for T1/cmr/m/n on input line 5.
LaTeX Font Info:    ... okay on input line 5.
LaTeX Font Info:    Checking defaults for OT1/cmr/m/n on input line 5.
LaTeX Font Info:    ... okay on input line 5.
LaTeX Font Info:    Checking defaults for OMS/cmsy/m/n on input line 5.
LaTeX Font Info:    ... okay on input line 5.
LaTeX Font Info:    Checking defaults for OMX/cmex/m/n on input line 5.
LaTeX Font Info:    ... okay on input line 5.
LaTeX Font Info:    Checking defaults for U/cmr/m/n on input line 5.
LaTeX Font Info:    ... okay on input line 5.
LaTeX Font Info:    Checking defaults for PD1/pdf/m/n on input line 5.
LaTeX Font Info:    ... okay on input line 5.
LaTeX Font Info:    Try loading font information for OT1+ptm on input line 5.
(/usr/local/texlive/2015/texmf-dist/tex/latex/psnfss/ot1ptm.fd
File: ot1ptm.fd 2001/06/04 font definitions for OT1/ptm.
) (/usr/local/texlive/2015/texmf-dist/tex/latex/ucs/ucsencs.def
File: ucsencs.def 2011/01/21 Fixes to fontencodings LGR, T3
) (/usr/local/texlive/2015/texmf-dist/tex/context/base/supp-pdf.mkii
[Loading MPS to PDF converter (version 2006.09.02).]
\scratchcounter=\count116
\scratchdimen=\dimen121
\scratchbox=\box31
\nofMPsegments=\count117
\nofMParguments=\count118
\everyMPshowfont=\toks35
\MPscratchCnt=\count119
\MPscratchDim=\dimen122
\MPnumerator=\count120
\makeMPintoPDFobject=\count121
\everyMPtoPDFconversion=\toks36
) (/usr/local/texlive/2015/texmf-dist/tex/latex/oberdiek/epstopdf-base.sty
Package: epstopdf-base 2010/02/09 v2.5 Base part for package epstopdf
(/usr/local/texlive/2015/texmf-dist/tex/latex/oberdiek/grfext.sty
Package: grfext 2010/08/19 v1.1 Manage graphics extensions (HO)
)
Package grfext Info: Graphics extension search list:
(grfext)             [.png,.pdf,.jpg,.mps,.jpeg,.jbig2,.jb2,.PNG,.PDF,.JPG,.JPE
G,.JBIG2,.JB2,.eps]
(grfext)             \AppendGraphicsExtensions on input line 452.
(/usr/local/texlive/2015/texmf-dist/tex/latex/latexconfig/epstopdf-sys.cfg
File: epstopdf-sys.cfg 2010/07/13 v1.3 Configuration of (r)epstopdf for TeX Liv
e
))
\AtBeginShipoutBox=\box32
Package hyperref Info: Link coloring ON on input line 5.
(/usr/local/texlive/2015/texmf-dist/tex/latex/hyperref/nameref.sty
Package: nameref 2012/10/27 v2.43 Cross-referencing by name of section
(/usr/local/texlive/2015/texmf-dist/tex/generic/oberdiek/gettitlestring.sty
Package: gettitlestring 2010/12/03 v1.4 Cleanup title references (HO)
)
\c@section@level=\count122
)
LaTeX Info: Redefining \ref on input line 5.
LaTeX Info: Redefining \pageref on input line 5.
LaTeX Info: Redefining \nameref on input line 5.

(/Users/jonaprieto/Dropbox/TG-Michi - Ingles/TG-Michi - Ingles/Output/principal
l.out)
(/Users/jonaprieto/Dropbox/TG-Michi - Ingles/TG-Michi - Ingles/Output/principal
l.out)
\@outlinefile=\write3
\openout3 = `principall.out'.

\openout2 = `portada.aux'.

(./portada.tex [1




{/usr/local/texlive/2015/texmf-var/fonts/map/pdftex/updmap/pdftex.map}])
\openout2 = `finportada.aux'.

(./finportada.tex) [2



]
\openout2 = `titulo.aux'.

(./titulo.texpdfTeX warning (ext4): destination with the same identifier (name{
page.i}) has been already used, duplicate ignored
<to be read again> 
                   \relax 
l.33 \end{titlepage}
                     [1



])
\openout2 = `dedicacion.aux'.

(./dedicacion.texpdfTeX warning (ext4): destination with the same identifier (n
ame{page.ii}) has been already used, duplicate ignored
<to be read again> 
                   \relax 
l.11 \clearemptydoublepage
                           [2


])
\openout2 = `agradecimientos.aux'.

(./agradecimientos.tex
LaTeX Font Info:    Font shape `OT1/ptm/bx/n' in size <14.4> not available
(Font)              Font shape `OT1/ptm/b/n' tried instead on input line 1.
) [3





]
\openout2 = `resumen.aux'.

(./resumen.tex

Package Fancyhdr Warning: \headheight is too small (12.0pt): 
 Make it at least 14.49998pt.
 We now make it that large for the rest of the document.
 This may cause the page layout to be inconsistent, however.

[4



]
LaTeX Font Info:    Font shape `OT1/ptm/bx/n' in size <12> not available
(Font)              Font shape `OT1/ptm/b/n' tried instead on input line 8.
) [5] (./contenidos.tex [6


]
(/Users/jonaprieto/Dropbox/TG-Michi - Ingles/TG-Michi - Ingles/Output/principal
l.toc
LaTeX Font Info:    Try loading font information for OT1+ztmcm on input line 7.

(/usr/local/texlive/2015/texmf-dist/tex/latex/psnfss/ot1ztmcm.fd
File: ot1ztmcm.fd 2000/01/03 Fontinst v1.801 font definitions for OT1/ztmcm.
)
LaTeX Font Info:    Try loading font information for OML+ztmcm on input line 7.

(/usr/local/texlive/2015/texmf-dist/tex/latex/psnfss/omlztmcm.fd
File: omlztmcm.fd 2000/01/03 Fontinst v1.801 font definitions for OML/ztmcm.
)
LaTeX Font Info:    Try loading font information for OMS+ztmcm on input line 7.

(/usr/local/texlive/2015/texmf-dist/tex/latex/psnfss/omsztmcm.fd
File: omsztmcm.fd 2000/01/03 Fontinst v1.801 font definitions for OMS/ztmcm.
)
LaTeX Font Info:    Try loading font information for OMX+ztmcm on input line 7.

(/usr/local/texlive/2015/texmf-dist/tex/latex/psnfss/omxztmcm.fd
File: omxztmcm.fd 2000/01/03 Fontinst v1.801 font definitions for OMX/ztmcm.
)
LaTeX Font Info:    Font shape `OT1/ptm/bx/n' in size <9> not available
(Font)              Font shape `OT1/ptm/b/n' tried instead on input line 7.
LaTeX Font Info:    Font shape `OT1/ptm/bx/n' in size <7> not available
(Font)              Font shape `OT1/ptm/b/n' tried instead on input line 7.
[7

])
\tf@toc=\write4
\openout4 = `principall.toc'.

[8])
\openout2 = `introduccion.aux'.

(./introduccion.tex
Chapter 1.
LaTeX Font Info:    Font shape `OT1/ptm/bx/n' in size <10> not available
(Font)              Font shape `OT1/ptm/b/n' tried instead on input line 5.
LaTeX Font Info:    Font shape `OT1/ptm/bx/n' in size <7.4> not available
(Font)              Font shape `OT1/ptm/b/n' tried instead on input line 5.
LaTeX Font Info:    Font shape `OT1/ptm/bx/n' in size <6> not available
(Font)              Font shape `OT1/ptm/b/n' tried instead on input line 5.
(/usr/local/texlive/2015/texmf-dist/tex/latex/ucs/data/uni-0.def
File: uni-0.def 2013/05/13 UCS: Unicode data U+0000..U+00FF
) [1





] [2])
\openout2 = `preliminares.aux'.

(./preliminares.tex
Chapter 2.
LaTeX Font Info:    Font shape `OT1/ptm/bx/n' in size <17.28> not available
(Font)              Font shape `OT1/ptm/b/n' tried instead on input line 3.
[3





] [4]
Overfull \hbox (8.58788pt too wide) in paragraph at lines 20--21
\OT1/ptm/m/n/12 pre-ced-ing para-graph, iden-tify ways through, which may arise
 a risk of ML/TF. 
 []

[5] [6])
\openout2 = `teoria.aux'.

(./teoria.tex
Chapter 3.
[7





] [8]
LaTeX Font Info:    Font shape `OT1/ptm/bx/it' in size <14.4> not available
(Font)              Font shape `OT1/ptm/b/it' tried instead on input line 25.

Underfull \vbox (badness 5622) has occurred while \output is active []

[9] [10] <arbol.png, id=225, 722.7pt x 426.393pt>
File: arbol.png Graphic file (type png)
<use arbol.png>
Package pdftex.def Info: arbol.png used on input line 61.
(pdftex.def)             Requested size: 370.49881pt x 218.59613pt.
[11] [12pdfTeX warning (ext4): destination with the same identifier (name{figur
e.3.1}) has been already used, duplicate ignored

\AtBegShi@Output ...ipout \box \AtBeginShipoutBox 
                                                  \fi \fi 
l.75 \item[*]
              The node \textit{N} is labeled with the splitting criterion, w...
 <./arbol.png>] [13] <arbolpoda.png, id=241, 722.7pt x 364.7226pt>
File: arbolpoda.png Graphic file (type png)
<use arbolpoda.png>
Package pdftex.def Info: arbolpoda.png used on input line 100.
(pdftex.def)             Requested size: 370.49881pt x 186.97997pt.
[14] [15pdfTeX warning (ext4): destination with the same identifier (name{figur
e.3.2}) has been already used, duplicate ignored

\AtBegShi@Output ...ipout \box \AtBeginShipoutBox 
                                                  \fi \fi 
l.105 \clearemptydoublepage
                            <./arbolpoda.png>] [16


])
\openout2 = `planteamientoproblema.aux'.

(./planteamientoproblema.tex
Chapter 4.
[17



] [18] [19] <Imagen1.png, id=269, 501.072pt x 343.0416pt>
File: Imagen1.png Graphic file (type png)
<use Imagen1.png>
Package pdftex.def Info: Imagen1.png used on input line 62.
(pdftex.def)             Requested size: 370.49881pt x 253.65312pt.
(/usr/local/texlive/2015/texmf-dist/tex/latex/ucs/data/uni-32.def
File: uni-32.def 2013/05/13 UCS: Unicode data U+2000..U+20FF
) <arbolpodado.png, id=270, 1404.74812pt x 829.59938pt>
File: arbolpodado.png Graphic file (type png)
<use arbolpodado.png>
Package pdftex.def Info: arbolpodado.png used on input line 71.
(pdftex.def)             Requested size: 370.49881pt x 218.80478pt.
<Segmentoejemplo.png, id=271, 286.1892pt x 217.2918pt>
File: Segmentoejemplo.png Graphic file (type png)
<use Segmentoejemplo.png>
Package pdftex.def Info: Segmentoejemplo.png used on input line 81.
(pdftex.def)             Requested size: 370.49881pt x 281.30556pt.
[20] [21pdfTeX warning (ext4): destination with the same identifier (name{figur
e.4.1}) has been already used, duplicate ignored

\AtBegShi@Output ...ipout \box \AtBeginShipoutBox 
                                                  \fi \fi 
l.91 T
      his procedure attempts to identify relatively homogeneous groups of ca...
pdfTeX warning (ext4): destination with the same identifier (name{figure.4.2}) 
has been already used, duplicate ignored

\AtBegShi@Output ...ipout \box \AtBeginShipoutBox 
                                                  \fi \fi 
l.91 T
      his procedure attempts to identify relatively homogeneous groups of ca...
 <./Imagen1.png> <./arbolpodado.png>] [22pdfTeX warning (ext4): destination wit
h the same identifier (name{figure.4.3}) has been already used, duplicate ignor
ed

\AtBegShi@Output ...ipout \box \AtBeginShipoutBox 
                                                  \fi \fi 
l.91 T
      his procedure attempts to identify relatively homogeneous groups of ca...
 <./Segmentoejemplo.png>] [23] [24] [25] [26


])
\openout2 = `resultados.aux'.

(./resultados.tex
Chapter 5.
<Segmento1.png, id=309, 502.0356pt x 535.2798pt>
File: Segmento1.png Graphic file (type png)
<use Segmento1.png>
Package pdftex.def Info: Segmento1.png used on input line 11.
(pdftex.def)             Requested size: 370.49881pt x 395.03088pt.
<Segmento2.png, id=310, 566.5968pt x 488.0634pt>
File: Segmento2.png Graphic file (type png)
<use Segmento2.png>
Package pdftex.def Info: Segmento2.png used on input line 22.
(pdftex.def)             Requested size: 370.49881pt x 319.14394pt.
<Segmento3.png, id=311, 554.07pt x 530.4618pt>
File: Segmento3.png Graphic file (type png)
<use Segmento3.png>
Package pdftex.def Info: Segmento3.png used on input line 33.
(pdftex.def)             Requested size: 370.49881pt x 354.71146pt.
[27



] [28pdfTeX warning (ext4): destination with the same identifier (name{figure.5
.1}) has been already used, duplicate ignored

\AtBegShi@Output ...ipout \box \AtBeginShipoutBox 
                                                  \fi \fi 
l.36 \end{figure}
                  <./Segmento1.png>] [29pdfTeX warning (ext4): destination with
 the same identifier (name{figure.5.2}) has been already used, duplicate ignore
d

\AtBegShi@Output ...ipout \box \AtBeginShipoutBox 
                                                  \fi \fi 
l.36 \end{figure}
                  <./Segmento2.png>]
Overfull \hbox (14.22842pt too wide) in paragraph at lines 42--43
\OT1/ptm/m/n/12 and 14.7% of the cus-tomers in seg-ment 3, have as-sets more th
an 1.000.000.000. 
 []

<Segmento4.png, id=329, 501.072pt x 489.5088pt>
File: Segmento4.png Graphic file (type png)
<use Segmento4.png>
Package pdftex.def Info: Segmento4.png used on input line 47.
(pdftex.def)             Requested size: 370.49881pt x 361.95447pt.
[30pdfTeX warning (ext4): destination with the same identifier (name{figure.5.3
}) has been already used, duplicate ignored

\AtBegShi@Output ...ipout \box \AtBeginShipoutBox 
                                                  \fi \fi 
l.52 \item[*]
              \textbf{Segment 5:} <./Segmento3.png>] <Segmento5.png, id=336, 39
0.258pt x 469.755pt>
File: Segmento5.png Graphic file (type png)
<use Segmento5.png>
Package pdftex.def Info: Segmento5.png used on input line 56.
(pdftex.def)             Requested size: 370.49881pt x 445.97801pt.
[31pdfTeX warning (ext4): destination with the same identifier (name{figure.5.4
}) has been already used, duplicate ignored

\AtBegShi@Output ...ipout \box \AtBeginShipoutBox 
                                                  \fi \fi 
l.61 \item[*]
              \textbf{Segment 6:} <./Segmento4.png>] [32pdfTeX warning (ext4): 
destination with the same identifier (name{figure.5.5}) has been already used, 
duplicate ignored

\AtBegShi@Output ...ipout \box \AtBeginShipoutBox 
                                                  \fi \fi 
l.61 \item[*]
              \textbf{Segment 6:} <./Segmento5.png>] <Segmento6.png, id=349, 42
0.1296pt x 483.2454pt>
File: Segmento6.png Graphic file (type png)
<use Segmento6.png>
Package pdftex.def Info: Segmento6.png used on input line 65.
(pdftex.def)             Requested size: 370.49881pt x 426.15686pt.
<Segmento7.png, id=350, 402.303pt x 492.8814pt>
File: Segmento7.png Graphic file (type png)
<use Segmento7.png>
Package pdftex.def Info: Segmento7.png used on input line 75.
(pdftex.def)             Requested size: 370.49881pt x 453.93771pt.
<Segmento8.png, id=351, 387.849pt x 489.9906pt>
File: Segmento8.png Graphic file (type png)
<use Segmento8.png>
Package pdftex.def Info: Segmento8.png used on input line 85.
(pdftex.def)             Requested size: 370.49881pt x 468.07535pt.

Overfull \hbox (12.2006pt too wide) in paragraph at lines 81--91
[]\OT1/ptm/b/n/12 Segmento 8: \OT1/ptm/m/n/12 In-come more than 10.000.000 and 
as-sets more than 500.000.000.
 []


Underfull \vbox (badness 10000) has occurred while \output is active []

[33] [34pdfTeX warning (ext4): destination with the same identifier (name{figur
e.5.6}) has been already used, duplicate ignored

\AtBegShi@Output ...ipout \box \AtBeginShipoutBox 
                                                  \fi \fi 
l.95 \item[*]
              \textbf{Segment 1:} <./Segmento6.png>] [35pdfTeX warning (ext4): 
destination with the same identifier (name{figure.5.7}) has been already used, 
duplicate ignored

\AtBegShi@Output ...ipout \box \AtBeginShipoutBox 
                                                  \fi \fi 
l.95 \item[*]
              \textbf{Segment 1:} <./Segmento7.png>] [36pdfTeX warning (ext4): 
destination with the same identifier (name{figure.5.8}) has been already used, 
duplicate ignored

\AtBegShi@Output ...ipout \box \AtBeginShipoutBox 
                                                  \fi \fi 
l.95 \item[*]
              \textbf{Segment 1:} <./Segmento8.png>]
Overfull \hbox (8.87656pt too wide) in paragraph at lines 95--98
[]\OT1/ptm/b/n/12 Segment 1: \OT1/ptm/m/n/12 As-sets more than 300.000.000 and 
in-come more than 20.000.000.
 []

[37] [38


])
\openout2 = `conclusiones.aux'.

(./conclusiones.tex
Chapter 6.
[39



] [40


]) (./bibliografia.tex)
Package atveryend Info: Empty hook `BeforeClearDocument' on input line 35.
Package atveryend Info: Empty hook `AfterLastShipout' on input line 35.

(/Users/jonaprieto/Dropbox/TG-Michi - Ingles/TG-Michi - Ingles/Output/principal
l.aux
(/Users/jonaprieto/Dropbox/TG-Michi - Ingles/TG-Michi - Ingles/Output/portada.a
ux)
(/Users/jonaprieto/Dropbox/TG-Michi - Ingles/TG-Michi - Ingles/Output/finportad
a.aux)
(/Users/jonaprieto/Dropbox/TG-Michi - Ingles/TG-Michi - Ingles/Output/titulo.au
x)
(/Users/jonaprieto/Dropbox/TG-Michi - Ingles/TG-Michi - Ingles/Output/dedicacio
n.aux)
(/Users/jonaprieto/Dropbox/TG-Michi - Ingles/TG-Michi - Ingles/Output/agradecim
ientos.aux)
(/Users/jonaprieto/Dropbox/TG-Michi - Ingles/TG-Michi - Ingles/Output/resumen.a
ux)
(/Users/jonaprieto/Dropbox/TG-Michi - Ingles/TG-Michi - Ingles/Output/introducc
ion.aux)
(/Users/jonaprieto/Dropbox/TG-Michi - Ingles/TG-Michi - Ingles/Output/prelimina
res.aux)
(/Users/jonaprieto/Dropbox/TG-Michi - Ingles/TG-Michi - Ingles/Output/teoria.au
x)
(/Users/jonaprieto/Dropbox/TG-Michi - Ingles/TG-Michi - Ingles/Output/planteami
entoproblema.aux)
(/Users/jonaprieto/Dropbox/TG-Michi - Ingles/TG-Michi - Ingles/Output/resultado
s.aux)
(/Users/jonaprieto/Dropbox/TG-Michi - Ingles/TG-Michi - Ingles/Output/conclusio
nes.aux))
Package atveryend Info: Executing hook `AtVeryEndDocument' on input line 35.
Package atveryend Info: Executing hook `AtEndAfterFileList' on input line 35.
Package rerunfilecheck Info: File `principall.out' has not changed.
(rerunfilecheck)             Checksum: 32D60E2BDC30FE5AEB4722C5EF355E5C;1348.

LaTeX Warning: There were multiply-defined labels.

Package atveryend Info: Empty hook `AtVeryVeryEnd' on input line 35.
 )
(\end occurred inside a group at level 1)

### semi simple group (level 1) entered at line 9 (\begingroup)
### bottom level 
Here is how much of TeX's memory you used:
 8858 strings out of 493089
 129120 string characters out of 6134842
 231356 words of memory out of 5000000
 11980 multiletter control sequences out of 15000+600000
 46319 words of font info for 93 fonts, out of 8000000 for 9000
 1141 hyphenation exceptions out of 8191
 31i,12n,43p,986b,670s stack positions out of 5000i,500n,10000p,200000b,80000s
pdfTeX warning (dest): name{Hfootnote.1} has been referenced bu
t does not exist, replaced by a fixed one

{/usr/local/texlive/2015/texmf-dist/fonts/enc/dvips/base/8r.enc}</usr/local/tex
live/2015/texmf-dist/fonts/type1/public/amsfonts/cm/cmex10.pfb></usr/local/texl
ive/2015/texmf-dist/fonts/type1/public/amsfonts/cm/cmmi10.pfb></usr/local/texli
ve/2015/texmf-dist/fonts/type1/public/amsfonts/cm/cmr10.pfb></usr/local/texlive
/2015/texmf-dist/fonts/type1/public/amsfonts/cm/cmsy10.pfb></usr/local/texlive/
2015/texmf-dist/fonts/type1/urw/symbol/usyr.pfb></usr/local/texlive/2015/texmf-
dist/fonts/type1/urw/times/utmb8a.pfb></usr/local/texlive/2015/texmf-dist/fonts
/type1/urw/times/utmbi8a.pfb></usr/local/texlive/2015/texmf-dist/fonts/type1/ur
w/times/utmr8a.pfb></usr/local/texlive/2015/texmf-dist/fonts/type1/urw/times/ut
mr8a.pfb></usr/local/texlive/2015/texmf-dist/fonts/type1/urw/times/utmri8a.pfb>
Output written on "/Users/jonaprieto/Dropbox/TG-Michi - Ingles/TG-Michi - Ingle
s/Output/principall.pdf" (50 pages, 2051192 bytes).
PDF statistics:
 451 PDF objects out of 1000 (max. 8388607)
 360 compressed objects within 4 object streams
 95 named destinations out of 1000 (max. 500000)
 258 words of extra memory for PDF output out of 10000 (max. 10000000)

