\BOOKMARK [0][-]{chapter*.1}{Acknowledgements}{}% 1
\BOOKMARK [0][-]{chapter*.2}{Abstract}{}% 2
\BOOKMARK [0][-]{section*.4}{Contents}{}% 3
\BOOKMARK [0][-]{chapter.1}{Introduction}{}% 4
\BOOKMARK [0][-]{chapter.2}{Preliminaries}{}% 5
\BOOKMARK [1][-]{section.2.1}{Money Laundering }{chapter.2}% 6
\BOOKMARK [1][-]{section.2.2}{Terrorist Financing Sources}{chapter.2}% 7
\BOOKMARK [1][-]{section.2.3}{SARLAFT}{chapter.2}% 8
\BOOKMARK [1][-]{section.2.4}{Warning Signs}{chapter.2}% 9
\BOOKMARK [1][-]{section.2.5}{Segmentation}{chapter.2}% 10
\BOOKMARK [0][-]{chapter.3}{Theory}{}% 11
\BOOKMARK [1][-]{section.3.1}{Clustering}{chapter.3}% 12
\BOOKMARK [2][-]{subsection.3.1.1}{Distance Measures}{section.3.1}% 13
\BOOKMARK [1][-]{section.3.2}{K-means}{chapter.3}% 14
\BOOKMARK [1][-]{section.3.3}{Decision Tree}{chapter.3}% 15
\BOOKMARK [0][-]{chapter.4}{Problem Statement}{}% 16
\BOOKMARK [1][-]{section.4.1}{Problem}{chapter.4}% 17
\BOOKMARK [1][-]{section.4.2}{Implementation}{chapter.4}% 18
\BOOKMARK [2][-]{subsection.4.2.1}{Decision trees}{section.4.2}% 19
\BOOKMARK [2][-]{subsection.4.2.2}{K-Means Algorithm}{section.4.2}% 20
\BOOKMARK [0][-]{chapter.5}{Results}{}% 21
\BOOKMARK [1][-]{section.5.1}{Decision trees}{chapter.5}% 22
\BOOKMARK [1][-]{section.5.2}{K-Means Algorithm}{chapter.5}% 23
\BOOKMARK [0][-]{chapter.6}{Conclusions}{}% 24
